# JRE version: OpenJDK Runtime Environment (8.0_242-b01) (build 1.8.0_242-release-1644-b01)
# Java VM: OpenJDK 64-Bit Server VM (25.242-b01 mixed mode windows-amd64 compressed oops)
Heap:
 PSYoungGen      total 539648K, used 271313K [0x00000000d5580000, 0x0000000100000000, 0x0000000100000000)
  eden space 498688K, 46% used [0x00000000d5580000,0x00000000e3677f48,0x00000000f3c80000)
  from space 40960K, 99% used [0x00000000f3c80000,0x00000000f647c768,0x00000000f6480000)
  to   space 53248K, 0% used [0x00000000fcc00000,0x00000000fcc00000,0x0000000100000000)
 ParOldGen       total 287744K, used 74589K [0x0000000080000000, 0x0000000091900000, 0x00000000d5580000)
  object space 287744K, 25% used [0x0000000080000000,0x00000000848d77c0,0x0000000091900000)
 Metaspace       used 113793K, capacity 120072K, committed 120408K, reserved 1153024K
  class space    used 14960K, capacity 16162K, committed 16256K, reserved 1048576K
GC Heap History (10 events):
Event: 292.843 GC heap before
{Heap before GC invocations=13 (full 3):
 PSYoungGen      total 373248K, used 373233K [0x00000000d5580000, 0x00000000f2f80000, 0x0000000100000000)
  eden space 349184K, 100% used [0x00000000d5580000,0x00000000eaa80000,0x00000000eaa80000)
  from space 24064K, 99% used [0x00000000eaa80000,0x00000000ec1fc798,0x00000000ec200000)
  to   space 30208K, 0% used [0x00000000f1200000,0x00000000f1200000,0x00000000f2f80000)
 ParOldGen       total 194048K, used 43525K [0x0000000080000000, 0x000000008bd80000, 0x00000000d5580000)
  object space 194048K, 22% used [0x0000000080000000,0x0000000082a815a0,0x000000008bd80000)
 Metaspace       used 91504K, capacity 95898K, committed 95960K, reserved 1132544K
  class space    used 12087K, capacity 13018K, committed 13056K, reserved 1048576K
Event: 292.892 GC heap after
Heap after GC invocations=13 (full 3):
 PSYoungGen      total 442368K, used 30193K [0x00000000d5580000, 0x00000000f3c00000, 0x0000000100000000)
  eden space 412160K, 0% used [0x00000000d5580000,0x00000000d5580000,0x00000000ee800000)
  from space 30208K, 99% used [0x00000000f1200000,0x00000000f2f7c728,0x00000000f2f80000)
  to   space 43008K, 0% used [0x00000000ee800000,0x00000000ee800000,0x00000000f1200000)
 ParOldGen       total 194048K, used 66988K [0x0000000080000000, 0x000000008bd80000, 0x00000000d5580000)
  object space 194048K, 34% used [0x0000000080000000,0x000000008416b1b0,0x000000008bd80000)
 Metaspace       used 91504K, capacity 95898K, committed 95960K, reserved 1132544K
  class space    used 12087K, capacity 13018K, committed 13056K, reserved 1048576K
}
Event: 293.730 GC heap before
{Heap before GC invocations=14 (full 3):
 PSYoungGen      total 442368K, used 107825K [0x00000000d5580000, 0x00000000f3c00000, 0x0000000100000000)
  eden space 412160K, 18% used [0x00000000d5580000,0x00000000da14fea0,0x00000000ee800000)
  from space 30208K, 99% used [0x00000000f1200000,0x00000000f2f7c728,0x00000000f2f80000)
  to   space 43008K, 0% used [0x00000000ee800000,0x00000000ee800000,0x00000000f1200000)
 ParOldGen       total 194048K, used 66988K [0x0000000080000000, 0x000000008bd80000, 0x00000000d5580000)
  object space 194048K, 34% used [0x0000000080000000,0x000000008416b1b0,0x000000008bd80000)
 Metaspace       used 93911K, capacity 98294K, committed 98380K, reserved 1134592K
  class space    used 12392K, capacity 13304K, committed 13312K, reserved 1048576K
Event: 293.756 GC heap after
Heap after GC invocations=14 (full 3):
 PSYoungGen      total 455168K, used 4374K [0x00000000d5580000, 0x00000000f8e80000, 0x0000000100000000)
  eden space 412160K, 0% used [0x00000000d5580000,0x00000000d5580000,0x00000000ee800000)
  from space 43008K, 10% used [0x00000000ee800000,0x00000000eec459a8,0x00000000f1200000)
  to   space 43008K, 0% used [0x00000000f6480000,0x00000000f6480000,0x00000000f8e80000)
 ParOldGen       total 194048K, used 96972K [0x0000000080000000, 0x000000008bd80000, 0x00000000d5580000)
  object space 194048K, 49% used [0x0000000080000000,0x0000000085eb3160,0x000000008bd80000)
 Metaspace       used 93911K, capacity 98294K, committed 98380K, reserved 1134592K
  class space    used 12392K, capacity 13304K, committed 13312K, reserved 1048576K
}
Event: 293.756 GC heap before
{Heap before GC invocations=15 (full 4):
 PSYoungGen      total 455168K, used 4374K [0x00000000d5580000, 0x00000000f8e80000, 0x0000000100000000)
  eden space 412160K, 0% used [0x00000000d5580000,0x00000000d5580000,0x00000000ee800000)
  from space 43008K, 10% used [0x00000000ee800000,0x00000000eec459a8,0x00000000f1200000)
  to   space 43008K, 0% used [0x00000000f6480000,0x00000000f6480000,0x00000000f8e80000)
 ParOldGen       total 194048K, used 96972K [0x0000000080000000, 0x000000008bd80000, 0x00000000d5580000)
  object space 194048K, 49% used [0x0000000080000000,0x0000000085eb3160,0x000000008bd80000)
 Metaspace       used 93911K, capacity 98294K, committed 98380K, reserved 1134592K
  class space    used 12392K, capacity 13304K, committed 13312K, reserved 1048576K
Event: 293.933 GC heap after
Heap after GC invocations=15 (full 4):
 PSYoungGen      total 455168K, used 0K [0x00000000d5580000, 0x00000000f8e80000, 0x0000000100000000)
  eden space 412160K, 0% used [0x00000000d5580000,0x00000000d5580000,0x00000000ee800000)
  from space 43008K, 0% used [0x00000000ee800000,0x00000000ee800000,0x00000000f1200000)
  to   space 43008K, 0% used [0x00000000f6480000,0x00000000f6480000,0x00000000f8e80000)
 ParOldGen       total 287744K, used 58473K [0x0000000080000000, 0x0000000091900000, 0x00000000d5580000)
  object space 287744K, 20% used [0x0000000080000000,0x000000008391a4a8,0x0000000091900000)
 Metaspace       used 93817K, capacity 97986K, committed 98380K, reserved 1134592K
  class space    used 12363K, capacity 13252K, committed 13312K, reserved 1048576K
}
Event: 297.900 GC heap before
{Heap before GC invocations=16 (full 4):
 PSYoungGen      total 455168K, used 412160K [0x00000000d5580000, 0x00000000f8e80000, 0x0000000100000000)
  eden space 412160K, 100% used [0x00000000d5580000,0x00000000ee800000,0x00000000ee800000)
  from space 43008K, 0% used [0x00000000ee800000,0x00000000ee800000,0x00000000f1200000)
  to   space 43008K, 0% used [0x00000000f6480000,0x00000000f6480000,0x00000000f8e80000)
 ParOldGen       total 287744K, used 58473K [0x0000000080000000, 0x0000000091900000, 0x00000000d5580000)
  object space 287744K, 20% used [0x0000000080000000,0x000000008391a4a8,0x0000000091900000)
 Metaspace       used 101767K, capacity 106890K, committed 106968K, reserved 1142784K
  class space    used 13503K, capacity 14538K, committed 14592K, reserved 1048576K
Event: 297.917 GC heap after
Heap after GC invocations=16 (full 4):
 PSYoungGen      total 541184K, used 17887K [0x00000000d5580000, 0x00000000f8e00000, 0x0000000100000000)
  eden space 498688K, 0% used [0x00000000d5580000,0x00000000d5580000,0x00000000f3c80000)
  from space 42496K, 42% used [0x00000000f6480000,0x00000000f75f7df0,0x00000000f8e00000)
  to   space 40960K, 0% used [0x00000000f3c80000,0x00000000f3c80000,0x00000000f6480000)
 ParOldGen       total 287744K, used 58481K [0x0000000080000000, 0x0000000091900000, 0x00000000d5580000)
  object space 287744K, 20% used [0x0000000080000000,0x000000008391c4a8,0x0000000091900000)
 Metaspace       used 101767K, capacity 106890K, committed 106968K, reserved 1142784K
  class space    used 13503K, capacity 14538K, committed 14592K, reserved 1048576K
}
Event: 302.439 GC heap before
{Heap before GC invocations=17 (full 4):
 PSYoungGen      total 541184K, used 516575K [0x00000000d5580000, 0x00000000f8e00000, 0x0000000100000000)
  eden space 498688K, 100% used [0x00000000d5580000,0x00000000f3c80000,0x00000000f3c80000)
  from space 42496K, 42% used [0x00000000f6480000,0x00000000f75f7df0,0x00000000f8e00000)
  to   space 40960K, 0% used [0x00000000f3c80000,0x00000000f3c80000,0x00000000f6480000)
 ParOldGen       total 287744K, used 58481K [0x0000000080000000, 0x0000000091900000, 0x00000000d5580000)
  object space 287744K, 20% used [0x0000000080000000,0x000000008391c4a8,0x0000000091900000)
 Metaspace       used 112343K, capacity 118508K, committed 118744K, reserved 1153024K
  class space    used 14814K, capacity 16002K, committed 16128K, reserved 1048576K
Event: 302.498 GC heap after
Heap after GC invocations=17 (full 4):
 PSYoungGen      total 539648K, used 40945K [0x00000000d5580000, 0x0000000100000000, 0x0000000100000000)
  eden space 498688K, 0% used [0x00000000d5580000,0x00000000d5580000,0x00000000f3c80000)
  from space 40960K, 99% used [0x00000000f3c80000,0x00000000f647c768,0x00000000f6480000)
  to   space 53248K, 0% used [0x00000000fcc00000,0x00000000fcc00000,0x0000000100000000)
 ParOldGen       total 287744K, used 74589K [0x0000000080000000, 0x0000000091900000, 0x00000000d5580000)
  object space 287744K, 25% used [0x0000000080000000,0x00000000848d77c0,0x0000000091900000)
 Metaspace       used 112343K, capacity 118508K, committed 118744K, reserved 1153024K
  class space    used 14814K, capacity 16002K, committed 16128K, reserved 1048576K
}

